<?xml version="1.0" encoding="UTF-8"?>
<!-- Generated by org.testng.reporters.JUnitXMLReporter -->
<testsuite hostname="EG5CG63317RX" ignored="0" name="Default test" tests="4" failures="0" timestamp="09 Oct 2019 14:11:01 GMT" time="46.061" errors="0">
  <testcase name="LoginToGmail" time="25.68" classname="TestCases.SendMailFromGmailTest"/>
  <testcase name="SendSocialEmail" time="16.401" classname="TestCases.SendMailFromGmailTest"/>
  <testcase name="OpenMailAndMarkAsStarred" time="1.81" classname="TestCases.SendMailFromGmailTest"/>
  <testcase name="CheckBodyAndSubjectForTheSocialEmailRecieved" time="1.803" classname="TestCases.SendMailFromGmailTest"/>
</testsuite> <!-- Default test -->
