<?xml version="1.0" encoding="UTF-8"?>
<!-- Generated by org.testng.reporters.JUnitXMLReporter -->
<testsuite hostname="EG5CG63317RX" ignored="0" name="Gmail Test Assessment" tests="4" failures="0" timestamp="09 Oct 2019 14:41:40 GMT" time="53.482" errors="0">
  <testcase name="LoginToGmail" time="26.348" classname="TestCases.SendMailFromGmailTest"/>
  <testcase name="SendSocialEmail" time="19.367" classname="TestCases.SendMailFromGmailTest"/>
  <testcase name="OpenMailAndMarkAsStarred" time="4.359" classname="TestCases.SendMailFromGmailTest"/>
  <testcase name="CheckBodyAndSubjectForTheSocialEmailRecieved" time="2.809" classname="TestCases.SendMailFromGmailTest"/>
</testsuite> <!-- Gmail Test Assessment -->
