<?xml version="1.0" encoding="UTF-8"?>
<testng-results skipped="0" failed="0" ignored="0" total="4" passed="4">
  <reporter-output>
  </reporter-output>
  <suite name="test Suite" duration-ms="53482" started-at="2019-10-09T14:40:46Z" finished-at="2019-10-09T14:41:40Z">
    <groups>
    </groups>
    <test name="Gmail Test Assessment" duration-ms="53482" started-at="2019-10-09T14:40:46Z" finished-at="2019-10-09T14:41:40Z">
      <class name="TestCases.SendMailFromGmailTest">
        <test-method status="PASS" signature="startDriver()[pri:0, instance:TestCases.SendMailFromGmailTest@7a52f2a2]" name="startDriver" is-config="true" duration-ms="19179" started-at="2019-10-09T14:40:27Z" finished-at="2019-10-09T14:40:46Z">
          <reporter-output>
          </reporter-output>
        </test-method> <!-- startDriver -->
        <test-method status="PASS" signature="LoginToGmail()[pri:0, instance:TestCases.SendMailFromGmailTest@7a52f2a2]" name="LoginToGmail" duration-ms="26348" started-at="2019-10-09T14:40:46Z" finished-at="2019-10-09T14:41:13Z">
          <reporter-output>
          </reporter-output>
        </test-method> <!-- LoginToGmail -->
        <test-method status="PASS" signature="SendSocialEmail()[pri:0, instance:TestCases.SendMailFromGmailTest@7a52f2a2]" name="SendSocialEmail" duration-ms="19367" started-at="2019-10-09T14:41:13Z" depends-on-methods="TestCases.SendMailFromGmailTest.LoginToGmail" finished-at="2019-10-09T14:41:33Z">
          <reporter-output>
          </reporter-output>
        </test-method> <!-- SendSocialEmail -->
        <test-method status="PASS" signature="OpenMailAndMarkAsStarred()[pri:0, instance:TestCases.SendMailFromGmailTest@7a52f2a2]" name="OpenMailAndMarkAsStarred" duration-ms="4359" started-at="2019-10-09T14:41:33Z" depends-on-methods="TestCases.SendMailFromGmailTest.SendSocialEmail" finished-at="2019-10-09T14:41:37Z">
          <reporter-output>
          </reporter-output>
        </test-method> <!-- OpenMailAndMarkAsStarred -->
        <test-method status="PASS" signature="CheckBodyAndSubjectForTheSocialEmailRecieved()[pri:0, instance:TestCases.SendMailFromGmailTest@7a52f2a2]" name="CheckBodyAndSubjectForTheSocialEmailRecieved" duration-ms="2809" started-at="2019-10-09T14:41:37Z" depends-on-methods="TestCases.SendMailFromGmailTest.OpenMailAndMarkAsStarred" finished-at="2019-10-09T14:41:40Z">
          <reporter-output>
          </reporter-output>
        </test-method> <!-- CheckBodyAndSubjectForTheSocialEmailRecieved -->
      </class> <!-- TestCases.SendMailFromGmailTest -->
    </test> <!-- Gmail Test Assessment -->
  </suite> <!-- test Suite -->
</testng-results>
